<?xml version="1.0" encoding="UTF-8"?>
<!-- Generated by org.testng.reporters.JUnitReportReporter -->
<testsuite skipped="0" hostname="Deva-Pc" name="com.org.dapps.shopsyFramework.toTest" tests="1" failures="0" timestamp="28 Nov 2017 21:46:37 GMT" time="23.870" errors="0">
  <testcase name="samplerun" time="23.870" classname="com.org.dapps.shopsyFramework.toTest"/>
</testsuite> <!-- com.org.dapps.shopsyFramework.toTest -->
