<?xml version="1.0" encoding="UTF-8"?>
<!-- Generated by org.testng.reporters.JUnitReportReporter -->
<testsuite skipped="0" hostname="Deva-Pc" name="com.org.dapps.tinAuto.fillFormTestScriptV1" tests="1" failures="0" timestamp="02 Dec 2017 10:35:24 GMT" time="6.265" errors="0">
  <testcase name="testrun" time="6.265" classname="com.org.dapps.tinAuto.fillFormTestScriptV1"/>
</testsuite> <!-- com.org.dapps.tinAuto.fillFormTestScriptV1 -->
